build/app/intermediates/manifest_merge_blame_file/release/manifest-merger-blame-release-report.txt
1<?xml version="1.0" encoding="utf-8"?>
2<manifest xmlns:android="http://schemas.android.com/apk/res/android"
3    package="muhtar.deskvera.com"
4    android:versionCode="1"
5    android:versionName="1.0.0" >
6
7    <uses-sdk
8        android:minSdkVersion="21"
8-->src\main\AndroidManifest.xml
9        android:targetSdkVersion="34" />
9-->src\main\AndroidManifest.xml
10
11    <uses-permission android:name="android.permission.INTERNET" />
11-->src\main\AndroidManifest.xml:4:5-66
11-->src\main\AndroidManifest.xml:4:22-64
12    <uses-permission android:name="android.permission.CAMERA" />
12-->src\main\AndroidManifest.xml:5:5-64
12-->src\main\AndroidManifest.xml:5:22-62
13    <uses-permission
13-->src\main\AndroidManifest.xml:6:5-80
14        android:name="android.permission.READ_EXTERNAL_STORAGE"
14-->src\main\AndroidManifest.xml:6:22-77
15        android:maxSdkVersion="32" />
15-->[:file_picker] AndroidManifest.xml:11:9-35
16    <uses-permission android:name="android.permission.WRITE_EXTERNAL_STORAGE" />
16-->src\main\AndroidManifest.xml:7:5-81
16-->src\main\AndroidManifest.xml:7:22-78
17
18    <queries>
18-->[:file_picker] AndroidManifest.xml:13:5-19:15
19        <intent>
19-->[:file_picker] AndroidManifest.xml:14:9-18:18
20            <action android:name="android.intent.action.GET_CONTENT" />
20-->[:file_picker] AndroidManifest.xml:15:13-72
20-->[:file_picker] AndroidManifest.xml:15:21-69
21
22            <data android:mimeType="*/*" />
22-->src\main\AndroidManifest.xml:50:17-75
23        </intent>
24        <!-- For browser content -->
25        <intent>
25-->[com.google.android.gms:play-services-ads-lite:22.5.0] AndroidManifest.xml:38:9-44:18
26            <action android:name="android.intent.action.VIEW" />
26-->src\main\AndroidManifest.xml:47:17-69
26-->src\main\AndroidManifest.xml:47:25-66
27
28            <category android:name="android.intent.category.BROWSABLE" />
28-->src\main\AndroidManifest.xml:49:17-78
28-->src\main\AndroidManifest.xml:49:27-75
29
30            <data android:scheme="https" />
30-->src\main\AndroidManifest.xml:50:17-75
30-->src\main\AndroidManifest.xml:50:23-46
31        </intent> <!-- End of browser content -->
32        <!-- For CustomTabsService -->
33        <intent>
33-->[com.google.android.gms:play-services-ads-lite:22.5.0] AndroidManifest.xml:47:9-49:18
34            <action android:name="android.support.customtabs.action.CustomTabsService" />
34-->[com.google.android.gms:play-services-ads-lite:22.5.0] AndroidManifest.xml:48:13-90
34-->[com.google.android.gms:play-services-ads-lite:22.5.0] AndroidManifest.xml:48:21-87
35        </intent>
36    </queries>
37
38    <uses-permission android:name="android.permission.ACCESS_NETWORK_STATE" />
38-->[com.google.firebase:firebase-auth:22.3.0] AndroidManifest.xml:26:5-79
38-->[com.google.firebase:firebase-auth:22.3.0] AndroidManifest.xml:26:22-76
39    <uses-permission android:name="com.google.android.gms.permission.AD_ID" />
39-->[com.google.android.gms:play-services-ads-lite:22.5.0] AndroidManifest.xml:26:5-79
39-->[com.google.android.gms:play-services-ads-lite:22.5.0] AndroidManifest.xml:26:22-76
40    <uses-permission android:name="android.permission.ACCESS_ADSERVICES_AD_ID" />
40-->[com.google.android.gms:play-services-ads-lite:22.5.0] AndroidManifest.xml:27:5-82
40-->[com.google.android.gms:play-services-ads-lite:22.5.0] AndroidManifest.xml:27:22-79
41    <uses-permission android:name="android.permission.ACCESS_ADSERVICES_ATTRIBUTION" />
41-->[com.google.android.gms:play-services-ads-lite:22.5.0] AndroidManifest.xml:28:5-88
41-->[com.google.android.gms:play-services-ads-lite:22.5.0] AndroidManifest.xml:28:22-85
42    <uses-permission android:name="android.permission.ACCESS_ADSERVICES_TOPICS" />
42-->[com.google.android.gms:play-services-ads-lite:22.5.0] AndroidManifest.xml:29:5-83
42-->[com.google.android.gms:play-services-ads-lite:22.5.0] AndroidManifest.xml:29:22-80
43    <uses-permission android:name="android.permission.WAKE_LOCK" />
43-->[com.google.android.gms:play-services-measurement-sdk-api:20.1.2] AndroidManifest.xml:25:5-68
43-->[com.google.android.gms:play-services-measurement-sdk-api:20.1.2] AndroidManifest.xml:25:22-65
44    <uses-permission android:name="android.permission.FOREGROUND_SERVICE" />
44-->[androidx.work:work-runtime:2.7.0] AndroidManifest.xml:28:5-77
44-->[androidx.work:work-runtime:2.7.0] AndroidManifest.xml:28:22-74
45
46    <permission
46-->[androidx.core:core:1.10.1] AndroidManifest.xml:22:5-24:47
47        android:name="muhtar.deskvera.com.DYNAMIC_RECEIVER_NOT_EXPORTED_PERMISSION"
47-->[androidx.core:core:1.10.1] AndroidManifest.xml:23:9-81
48        android:protectionLevel="signature" />
48-->[androidx.core:core:1.10.1] AndroidManifest.xml:24:9-44
49
50    <uses-permission android:name="muhtar.deskvera.com.DYNAMIC_RECEIVER_NOT_EXPORTED_PERMISSION" />
50-->[androidx.core:core:1.10.1] AndroidManifest.xml:26:5-97
50-->[androidx.core:core:1.10.1] AndroidManifest.xml:26:22-94
51
52    <application
52-->src\main\AndroidManifest.xml:9:5-65:19
53        android:appComponentFactory="androidx.core.app.CoreComponentFactory"
53-->[androidx.core:core:1.10.1] AndroidManifest.xml:28:18-86
54        android:icon="@mipmap/ic_launcher"
54-->src\main\AndroidManifest.xml:12:9-43
55        android:label="محتار؟"
55-->src\main\AndroidManifest.xml:10:9-31
56        android:requestLegacyExternalStorage="true" >
56-->src\main\AndroidManifest.xml:13:9-52
57        <activity
57-->src\main\AndroidManifest.xml:15:9-53:20
58            android:name="muhtar.deskvera.com.MainActivity"
58-->src\main\AndroidManifest.xml:16:13-41
59            android:configChanges="orientation|keyboardHidden|keyboard|screenSize|smallestScreenSize|locale|layoutDirection|fontScale|screenLayout|density|uiMode"
59-->src\main\AndroidManifest.xml:20:13-163
60            android:exported="true"
60-->src\main\AndroidManifest.xml:17:13-36
61            android:hardwareAccelerated="true"
61-->src\main\AndroidManifest.xml:21:13-47
62            android:launchMode="singleTop"
62-->src\main\AndroidManifest.xml:18:13-43
63            android:theme="@style/LaunchTheme"
63-->src\main\AndroidManifest.xml:19:13-47
64            android:windowSoftInputMode="adjustResize" >
64-->src\main\AndroidManifest.xml:22:13-55
65
66            <!--
67                 Specifies an Android theme to apply to this Activity as soon as
68                 the Android process has started. This theme is visible to the user
69                 while the Flutter UI initializes. After that, this theme continues
70                 to determine the Window background behind the Flutter UI.
71            -->
72            <meta-data
72-->src\main\AndroidManifest.xml:27:13-30:17
73                android:name="io.flutter.embedding.android.NormalTheme"
73-->src\main\AndroidManifest.xml:28:15-70
74                android:resource="@style/NormalTheme" />
74-->src\main\AndroidManifest.xml:29:15-52
75            <!--
76                 Displays an Android View that continues showing the launch screen
77                 Drawable until Flutter paints its first frame, then this splash
78                 screen fades out. A splash screen is useful to avoid any visual
79                 gap between the end of Android's launch screen and the painting of
80                 Flutter's first frame.
81            -->
82            <meta-data
82-->src\main\AndroidManifest.xml:36:13-39:17
83                android:name="io.flutter.embedding.android.SplashScreenDrawable"
83-->src\main\AndroidManifest.xml:37:15-79
84                android:resource="@drawable/launch_background" />
84-->src\main\AndroidManifest.xml:38:15-61
85
86            <intent-filter>
86-->src\main\AndroidManifest.xml:40:13-43:29
87                <action android:name="android.intent.action.MAIN" />
87-->src\main\AndroidManifest.xml:41:17-68
87-->src\main\AndroidManifest.xml:41:25-66
88
89                <category android:name="android.intent.category.LAUNCHER" />
89-->src\main\AndroidManifest.xml:42:17-76
89-->src\main\AndroidManifest.xml:42:27-74
90            </intent-filter>
91            <!-- Deep linking -->
92            <meta-data
92-->src\main\AndroidManifest.xml:45:13-90
93                android:name="flutter_deeplinking_enabled"
93-->src\main\AndroidManifest.xml:45:24-66
94                android:value="true" />
94-->src\main\AndroidManifest.xml:45:67-87
95
96            <intent-filter android:autoVerify="true" >
96-->src\main\AndroidManifest.xml:46:13-51:29
96-->src\main\AndroidManifest.xml:46:28-53
97                <action android:name="android.intent.action.VIEW" />
97-->src\main\AndroidManifest.xml:47:17-69
97-->src\main\AndroidManifest.xml:47:25-66
98
99                <category android:name="android.intent.category.DEFAULT" />
99-->src\main\AndroidManifest.xml:48:17-76
99-->src\main\AndroidManifest.xml:48:27-73
100                <category android:name="android.intent.category.BROWSABLE" />
100-->src\main\AndroidManifest.xml:49:17-78
100-->src\main\AndroidManifest.xml:49:27-75
101
102                <data
102-->src\main\AndroidManifest.xml:50:17-75
103                    android:host="muhtar.com"
103-->src\main\AndroidManifest.xml:50:47-72
104                    android:scheme="muhtar" />
104-->src\main\AndroidManifest.xml:50:23-46
105            </intent-filter>
106        </activity>
107
108        <!--
109             Don't delete the meta-data below.
110             This is used by the Flutter tool to generate GeneratedPluginRegistrant.java
111        -->
112        <meta-data
112-->src\main\AndroidManifest.xml:57:9-59:33
113            android:name="flutterEmbedding"
113-->src\main\AndroidManifest.xml:58:13-44
114            android:value="2" />
114-->src\main\AndroidManifest.xml:59:13-30
115        <meta-data
115-->src\main\AndroidManifest.xml:61:9-63:69
116            android:name="com.google.android.gms.ads.APPLICATION_ID"
116-->src\main\AndroidManifest.xml:62:13-69
117            android:value="ca-app-pub-6022280407332433~3312691871" />
117-->src\main\AndroidManifest.xml:63:13-67
118
119        <service
119-->[:firebase_performance] AndroidManifest.xml:12:9-16:19
120            android:name="com.google.firebase.components.ComponentDiscoveryService"
120-->[:firebase_performance] AndroidManifest.xml:12:18-89
121            android:directBootAware="true"
121-->[com.google.firebase:firebase-common:20.4.2] AndroidManifest.xml:32:13-43
122            android:exported="false" >
122-->[com.google.firebase:firebase-perf:20.5.1] AndroidManifest.xml:13:13-37
123            <meta-data
123-->[:firebase_performance] AndroidManifest.xml:13:13-15:85
124                android:name="com.google.firebase.components:io.flutter.plugins.firebase.performance.FlutterFirebaseAppRegistrar"
124-->[:firebase_performance] AndroidManifest.xml:14:17-130
125                android:value="com.google.firebase.components.ComponentRegistrar" />
125-->[:firebase_performance] AndroidManifest.xml:15:17-82
126            <meta-data
126-->[:cloud_firestore] AndroidManifest.xml:11:13-13:85
127                android:name="com.google.firebase.components:io.flutter.plugins.firebase.firestore.FlutterFirebaseFirestoreRegistrar"
127-->[:cloud_firestore] AndroidManifest.xml:12:17-134
128                android:value="com.google.firebase.components.ComponentRegistrar" />
128-->[:cloud_firestore] AndroidManifest.xml:13:17-82
129            <meta-data
129-->[:firebase_auth] AndroidManifest.xml:11:13-13:85
130                android:name="com.google.firebase.components:io.flutter.plugins.firebase.auth.FlutterFirebaseAuthRegistrar"
130-->[:firebase_auth] AndroidManifest.xml:12:17-124
131                android:value="com.google.firebase.components.ComponentRegistrar" />
131-->[:firebase_auth] AndroidManifest.xml:13:17-82
132            <meta-data
132-->[:firebase_storage] AndroidManifest.xml:11:13-13:85
133                android:name="com.google.firebase.components:io.flutter.plugins.firebase.storage.FlutterFirebaseAppRegistrar"
133-->[:firebase_storage] AndroidManifest.xml:12:17-126
134                android:value="com.google.firebase.components.ComponentRegistrar" />
134-->[:firebase_storage] AndroidManifest.xml:13:17-82
135            <meta-data
135-->[:firebase_core] AndroidManifest.xml:11:13-13:85
136                android:name="com.google.firebase.components:io.flutter.plugins.firebase.core.FlutterFirebaseCoreRegistrar"
136-->[:firebase_core] AndroidManifest.xml:12:17-124
137                android:value="com.google.firebase.components.ComponentRegistrar" />
137-->[:firebase_core] AndroidManifest.xml:13:17-82
138            <meta-data
138-->[com.google.firebase:firebase-perf:20.5.1] AndroidManifest.xml:14:13-16:85
139                android:name="com.google.firebase.components:com.google.firebase.perf.FirebasePerfKtxRegistrar"
139-->[com.google.firebase:firebase-perf:20.5.1] AndroidManifest.xml:15:17-112
140                android:value="com.google.firebase.components.ComponentRegistrar" />
140-->[com.google.firebase:firebase-perf:20.5.1] AndroidManifest.xml:16:17-82
141            <meta-data
141-->[com.google.firebase:firebase-perf:20.5.1] AndroidManifest.xml:17:13-19:85
142                android:name="com.google.firebase.components:com.google.firebase.perf.FirebasePerfRegistrar"
142-->[com.google.firebase:firebase-perf:20.5.1] AndroidManifest.xml:18:17-109
143                android:value="com.google.firebase.components.ComponentRegistrar" />
143-->[com.google.firebase:firebase-perf:20.5.1] AndroidManifest.xml:19:17-82
144            <meta-data
144-->[com.google.firebase:firebase-sessions:1.2.0] AndroidManifest.xml:29:13-31:85
145                android:name="com.google.firebase.components:com.google.firebase.sessions.FirebaseSessionsRegistrar"
145-->[com.google.firebase:firebase-sessions:1.2.0] AndroidManifest.xml:30:17-117
146                android:value="com.google.firebase.components.ComponentRegistrar" />
146-->[com.google.firebase:firebase-sessions:1.2.0] AndroidManifest.xml:31:17-82
147            <meta-data
147-->[com.google.firebase:firebase-auth:22.3.0] AndroidManifest.xml:69:13-71:85
148                android:name="com.google.firebase.components:com.google.firebase.auth.FirebaseAuthRegistrar"
148-->[com.google.firebase:firebase-auth:22.3.0] AndroidManifest.xml:70:17-109
149                android:value="com.google.firebase.components.ComponentRegistrar" />
149-->[com.google.firebase:firebase-auth:22.3.0] AndroidManifest.xml:71:17-82
150            <meta-data
150-->[com.google.firebase:firebase-firestore:24.9.1] AndroidManifest.xml:17:13-19:85
151                android:name="com.google.firebase.components:com.google.firebase.firestore.FirebaseFirestoreKtxRegistrar"
151-->[com.google.firebase:firebase-firestore:24.9.1] AndroidManifest.xml:18:17-122
152                android:value="com.google.firebase.components.ComponentRegistrar" />
152-->[com.google.firebase:firebase-firestore:24.9.1] AndroidManifest.xml:19:17-82
153            <meta-data
153-->[com.google.firebase:firebase-firestore:24.9.1] AndroidManifest.xml:20:13-22:85
154                android:name="com.google.firebase.components:com.google.firebase.firestore.FirestoreRegistrar"
154-->[com.google.firebase:firebase-firestore:24.9.1] AndroidManifest.xml:21:17-111
155                android:value="com.google.firebase.components.ComponentRegistrar" />
155-->[com.google.firebase:firebase-firestore:24.9.1] AndroidManifest.xml:22:17-82
156            <meta-data
156-->[com.google.firebase:firebase-storage:20.3.0] AndroidManifest.xml:30:13-32:85
157                android:name="com.google.firebase.components:com.google.firebase.storage.FirebaseStorageKtxRegistrar"
157-->[com.google.firebase:firebase-storage:20.3.0] AndroidManifest.xml:31:17-118
158                android:value="com.google.firebase.components.ComponentRegistrar" />
158-->[com.google.firebase:firebase-storage:20.3.0] AndroidManifest.xml:32:17-82
159            <meta-data
159-->[com.google.firebase:firebase-storage:20.3.0] AndroidManifest.xml:33:13-35:85
160                android:name="com.google.firebase.components:com.google.firebase.storage.StorageRegistrar"
160-->[com.google.firebase:firebase-storage:20.3.0] AndroidManifest.xml:34:17-107
161                android:value="com.google.firebase.components.ComponentRegistrar" />
161-->[com.google.firebase:firebase-storage:20.3.0] AndroidManifest.xml:35:17-82
162            <meta-data
162-->[com.google.firebase:firebase-config:21.6.0] AndroidManifest.xml:29:13-31:85
163                android:name="com.google.firebase.components:com.google.firebase.remoteconfig.FirebaseRemoteConfigKtxRegistrar"
163-->[com.google.firebase:firebase-config:21.6.0] AndroidManifest.xml:30:17-128
164                android:value="com.google.firebase.components.ComponentRegistrar" />
164-->[com.google.firebase:firebase-config:21.6.0] AndroidManifest.xml:31:17-82
165            <meta-data
165-->[com.google.firebase:firebase-config:21.6.0] AndroidManifest.xml:32:13-34:85
166                android:name="com.google.firebase.components:com.google.firebase.remoteconfig.RemoteConfigRegistrar"
166-->[com.google.firebase:firebase-config:21.6.0] AndroidManifest.xml:33:17-117
167                android:value="com.google.firebase.components.ComponentRegistrar" />
167-->[com.google.firebase:firebase-config:21.6.0] AndroidManifest.xml:34:17-82
168            <meta-data
168-->[com.google.firebase:firebase-installations:17.2.0] AndroidManifest.xml:15:13-17:85
169                android:name="com.google.firebase.components:com.google.firebase.installations.FirebaseInstallationsKtxRegistrar"
169-->[com.google.firebase:firebase-installations:17.2.0] AndroidManifest.xml:16:17-130
170                android:value="com.google.firebase.components.ComponentRegistrar" />
170-->[com.google.firebase:firebase-installations:17.2.0] AndroidManifest.xml:17:17-82
171            <meta-data
171-->[com.google.firebase:firebase-installations:17.2.0] AndroidManifest.xml:18:13-20:85
172                android:name="com.google.firebase.components:com.google.firebase.installations.FirebaseInstallationsRegistrar"
172-->[com.google.firebase:firebase-installations:17.2.0] AndroidManifest.xml:19:17-127
173                android:value="com.google.firebase.components.ComponentRegistrar" />
173-->[com.google.firebase:firebase-installations:17.2.0] AndroidManifest.xml:20:17-82
174            <meta-data
174-->[com.google.firebase:firebase-appcheck:17.1.1] AndroidManifest.xml:25:13-27:85
175                android:name="com.google.firebase.components:com.google.firebase.appcheck.FirebaseAppCheckKtxRegistrar"
175-->[com.google.firebase:firebase-appcheck:17.1.1] AndroidManifest.xml:26:17-120
176                android:value="com.google.firebase.components.ComponentRegistrar" />
176-->[com.google.firebase:firebase-appcheck:17.1.1] AndroidManifest.xml:27:17-82
177            <meta-data
177-->[com.google.firebase:firebase-appcheck:17.1.1] AndroidManifest.xml:28:13-30:85
178                android:name="com.google.firebase.components:com.google.firebase.appcheck.FirebaseAppCheckRegistrar"
178-->[com.google.firebase:firebase-appcheck:17.1.1] AndroidManifest.xml:29:17-117
179                android:value="com.google.firebase.components.ComponentRegistrar" />
179-->[com.google.firebase:firebase-appcheck:17.1.1] AndroidManifest.xml:30:17-82
180            <meta-data
180-->[com.google.firebase:firebase-common-ktx:20.4.2] AndroidManifest.xml:12:13-14:85
181                android:name="com.google.firebase.components:com.google.firebase.ktx.FirebaseCommonLegacyRegistrar"
181-->[com.google.firebase:firebase-common-ktx:20.4.2] AndroidManifest.xml:13:17-116
182                android:value="com.google.firebase.components.ComponentRegistrar" />
182-->[com.google.firebase:firebase-common-ktx:20.4.2] AndroidManifest.xml:14:17-82
183            <meta-data
183-->[com.google.firebase:firebase-datatransport:18.1.8] AndroidManifest.xml:27:13-29:85
184                android:name="com.google.firebase.components:com.google.firebase.datatransport.TransportRegistrar"
184-->[com.google.firebase:firebase-datatransport:18.1.8] AndroidManifest.xml:28:17-115
185                android:value="com.google.firebase.components.ComponentRegistrar" />
185-->[com.google.firebase:firebase-datatransport:18.1.8] AndroidManifest.xml:29:17-82
186            <meta-data
186-->[com.google.firebase:firebase-common:20.4.2] AndroidManifest.xml:35:13-37:85
187                android:name="com.google.firebase.components:com.google.firebase.FirebaseCommonKtxRegistrar"
187-->[com.google.firebase:firebase-common:20.4.2] AndroidManifest.xml:36:17-109
188                android:value="com.google.firebase.components.ComponentRegistrar" />
188-->[com.google.firebase:firebase-common:20.4.2] AndroidManifest.xml:37:17-82
189            <meta-data
189-->[com.google.firebase:firebase-abt:21.1.1] AndroidManifest.xml:12:13-14:85
190                android:name="com.google.firebase.components:com.google.firebase.abt.component.AbtRegistrar"
190-->[com.google.firebase:firebase-abt:21.1.1] AndroidManifest.xml:13:17-109
191                android:value="com.google.firebase.components.ComponentRegistrar" />
191-->[com.google.firebase:firebase-abt:21.1.1] AndroidManifest.xml:14:17-82
192        </service>
193
194        <provider
194-->[:image_picker_android] AndroidManifest.xml:10:9-18:20
195            android:name="io.flutter.plugins.imagepicker.ImagePickerFileProvider"
195-->[:image_picker_android] AndroidManifest.xml:11:13-82
196            android:authorities="muhtar.deskvera.com.flutter.image_provider"
196-->[:image_picker_android] AndroidManifest.xml:12:13-74
197            android:exported="false"
197-->[:image_picker_android] AndroidManifest.xml:13:13-37
198            android:grantUriPermissions="true" >
198-->[:image_picker_android] AndroidManifest.xml:14:13-47
199            <meta-data
199-->[:image_picker_android] AndroidManifest.xml:15:13-17:75
200                android:name="android.support.FILE_PROVIDER_PATHS"
200-->[:image_picker_android] AndroidManifest.xml:16:17-67
201                android:resource="@xml/flutter_image_picker_file_paths" />
201-->[:image_picker_android] AndroidManifest.xml:17:17-72
202        </provider>
203
204        <activity
204-->[:url_launcher_android] AndroidManifest.xml:10:9-13:74
205            android:name="io.flutter.plugins.urllauncher.WebViewActivity"
205-->[:url_launcher_android] AndroidManifest.xml:11:13-74
206            android:exported="false"
206-->[:url_launcher_android] AndroidManifest.xml:12:13-37
207            android:theme="@android:style/Theme.NoTitleBar.Fullscreen" />
207-->[:url_launcher_android] AndroidManifest.xml:13:13-71
208
209        <meta-data
209-->[:google_mobile_ads] AndroidManifest.xml:12:9-14:36
210            android:name="io.flutter.embedded_views_preview"
210-->[:google_mobile_ads] AndroidManifest.xml:13:13-61
211            android:value="true" />
211-->[:google_mobile_ads] AndroidManifest.xml:14:13-33
212
213        <service
213-->[com.google.firebase:firebase-sessions:1.2.0] AndroidManifest.xml:22:9-25:40
214            android:name="com.google.firebase.sessions.SessionLifecycleService"
214-->[com.google.firebase:firebase-sessions:1.2.0] AndroidManifest.xml:23:13-80
215            android:enabled="true"
215-->[com.google.firebase:firebase-sessions:1.2.0] AndroidManifest.xml:24:13-35
216            android:exported="false" />
216-->[com.google.firebase:firebase-sessions:1.2.0] AndroidManifest.xml:25:13-37
217
218        <activity
218-->[com.google.firebase:firebase-auth:22.3.0] AndroidManifest.xml:29:9-46:20
219            android:name="com.google.firebase.auth.internal.GenericIdpActivity"
219-->[com.google.firebase:firebase-auth:22.3.0] AndroidManifest.xml:30:13-80
220            android:excludeFromRecents="true"
220-->[com.google.firebase:firebase-auth:22.3.0] AndroidManifest.xml:31:13-46
221            android:exported="true"
221-->[com.google.firebase:firebase-auth:22.3.0] AndroidManifest.xml:32:13-36
222            android:launchMode="singleTask"
222-->[com.google.firebase:firebase-auth:22.3.0] AndroidManifest.xml:33:13-44
223            android:theme="@android:style/Theme.Translucent.NoTitleBar" >
223-->[com.google.firebase:firebase-auth:22.3.0] AndroidManifest.xml:34:13-72
224            <intent-filter>
224-->[com.google.firebase:firebase-auth:22.3.0] AndroidManifest.xml:35:13-45:29
225                <action android:name="android.intent.action.VIEW" />
225-->src\main\AndroidManifest.xml:47:17-69
225-->src\main\AndroidManifest.xml:47:25-66
226
227                <category android:name="android.intent.category.DEFAULT" />
227-->src\main\AndroidManifest.xml:48:17-76
227-->src\main\AndroidManifest.xml:48:27-73
228                <category android:name="android.intent.category.BROWSABLE" />
228-->src\main\AndroidManifest.xml:49:17-78
228-->src\main\AndroidManifest.xml:49:27-75
229
230                <data
230-->src\main\AndroidManifest.xml:50:17-75
231                    android:host="firebase.auth"
231-->src\main\AndroidManifest.xml:50:47-72
232                    android:path="/"
233                    android:scheme="genericidp" />
233-->src\main\AndroidManifest.xml:50:23-46
234            </intent-filter>
235        </activity>
236        <activity
236-->[com.google.firebase:firebase-auth:22.3.0] AndroidManifest.xml:47:9-64:20
237            android:name="com.google.firebase.auth.internal.RecaptchaActivity"
237-->[com.google.firebase:firebase-auth:22.3.0] AndroidManifest.xml:48:13-79
238            android:excludeFromRecents="true"
238-->[com.google.firebase:firebase-auth:22.3.0] AndroidManifest.xml:49:13-46
239            android:exported="true"
239-->[com.google.firebase:firebase-auth:22.3.0] AndroidManifest.xml:50:13-36
240            android:launchMode="singleTask"
240-->[com.google.firebase:firebase-auth:22.3.0] AndroidManifest.xml:51:13-44
241            android:theme="@android:style/Theme.Translucent.NoTitleBar" >
241-->[com.google.firebase:firebase-auth:22.3.0] AndroidManifest.xml:52:13-72
242            <intent-filter>
242-->[com.google.firebase:firebase-auth:22.3.0] AndroidManifest.xml:53:13-63:29
243                <action android:name="android.intent.action.VIEW" />
243-->src\main\AndroidManifest.xml:47:17-69
243-->src\main\AndroidManifest.xml:47:25-66
244
245                <category android:name="android.intent.category.DEFAULT" />
245-->src\main\AndroidManifest.xml:48:17-76
245-->src\main\AndroidManifest.xml:48:27-73
246                <category android:name="android.intent.category.BROWSABLE" />
246-->src\main\AndroidManifest.xml:49:17-78
246-->src\main\AndroidManifest.xml:49:27-75
247
248                <data
248-->src\main\AndroidManifest.xml:50:17-75
249                    android:host="firebase.auth"
249-->src\main\AndroidManifest.xml:50:47-72
250                    android:path="/"
251                    android:scheme="recaptcha" />
251-->src\main\AndroidManifest.xml:50:23-46
252            </intent-filter>
253        </activity>
254
255        <service
255-->[com.google.android.datatransport:transport-backend-cct:3.1.9] AndroidManifest.xml:28:9-34:19
256            android:name="com.google.android.datatransport.runtime.backends.TransportBackendDiscovery"
256-->[com.google.android.datatransport:transport-backend-cct:3.1.9] AndroidManifest.xml:29:13-103
257            android:exported="false" >
257-->[com.google.android.datatransport:transport-backend-cct:3.1.9] AndroidManifest.xml:30:13-37
258            <meta-data
258-->[com.google.android.datatransport:transport-backend-cct:3.1.9] AndroidManifest.xml:31:13-33:39
259                android:name="backend:com.google.android.datatransport.cct.CctBackendFactory"
259-->[com.google.android.datatransport:transport-backend-cct:3.1.9] AndroidManifest.xml:32:17-94
260                android:value="cct" />
260-->[com.google.android.datatransport:transport-backend-cct:3.1.9] AndroidManifest.xml:33:17-36
261        </service>
262
263        <uses-library
263-->[androidx.privacysandbox.ads:ads-adservices:1.0.0-beta05] AndroidManifest.xml:23:9-25:40
264            android:name="android.ext.adservices"
264-->[androidx.privacysandbox.ads:ads-adservices:1.0.0-beta05] AndroidManifest.xml:24:13-50
265            android:required="false" />
265-->[androidx.privacysandbox.ads:ads-adservices:1.0.0-beta05] AndroidManifest.xml:25:13-37
266
267        <activity
267-->[com.google.android.gms:play-services-auth:20.7.0] AndroidManifest.xml:23:9-27:75
268            android:name="com.google.android.gms.auth.api.signin.internal.SignInHubActivity"
268-->[com.google.android.gms:play-services-auth:20.7.0] AndroidManifest.xml:24:13-93
269            android:excludeFromRecents="true"
269-->[com.google.android.gms:play-services-auth:20.7.0] AndroidManifest.xml:25:13-46
270            android:exported="false"
270-->[com.google.android.gms:play-services-auth:20.7.0] AndroidManifest.xml:26:13-37
271            android:theme="@android:style/Theme.Translucent.NoTitleBar" />
271-->[com.google.android.gms:play-services-auth:20.7.0] AndroidManifest.xml:27:13-72
272        <!--
273            Service handling Google Sign-In user revocation. For apps that do not integrate with
274            Google Sign-In, this service will never be started.
275        -->
276        <service
276-->[com.google.android.gms:play-services-auth:20.7.0] AndroidManifest.xml:33:9-37:51
277            android:name="com.google.android.gms.auth.api.signin.RevocationBoundService"
277-->[com.google.android.gms:play-services-auth:20.7.0] AndroidManifest.xml:34:13-89
278            android:exported="true"
278-->[com.google.android.gms:play-services-auth:20.7.0] AndroidManifest.xml:35:13-36
279            android:permission="com.google.android.gms.auth.api.signin.permission.REVOCATION_NOTIFICATION"
279-->[com.google.android.gms:play-services-auth:20.7.0] AndroidManifest.xml:36:13-107
280            android:visibleToInstantApps="true" />